2022-10-02 16:30:54,264 INFO o.a.j.u.JMeterUtils: Setting Locale to en_EN
2022-10-02 16:30:54,279 INFO o.a.j.JMeter: Loading user properties from: C:\Program Files\JMeter\apache-jmeter-5.5\bin\user.properties
2022-10-02 16:30:54,279 INFO o.a.j.JMeter: Loading system properties from: C:\Program Files\JMeter\apache-jmeter-5.5\bin\system.properties
2022-10-02 16:30:54,295 INFO o.a.j.JMeter: Copyright (c) 1998-2022 The Apache Software Foundation
2022-10-02 16:30:54,295 INFO o.a.j.JMeter: Version 5.5
2022-10-02 16:30:54,295 INFO o.a.j.JMeter: java.version=17.0.4.1
2022-10-02 16:30:54,295 INFO o.a.j.JMeter: java.vm.name=OpenJDK Client VM
2022-10-02 16:30:54,295 INFO o.a.j.JMeter: os.name=Windows 11
2022-10-02 16:30:54,295 INFO o.a.j.JMeter: os.arch=x86
2022-10-02 16:30:54,295 INFO o.a.j.JMeter: os.version=10.0
2022-10-02 16:30:54,295 INFO o.a.j.JMeter: file.encoding=Cp1252
2022-10-02 16:30:54,295 INFO o.a.j.JMeter: java.awt.headless=null
2022-10-02 16:30:54,295 INFO o.a.j.JMeter: Max memory     =1073741824
2022-10-02 16:30:54,295 INFO o.a.j.JMeter: Available Processors =8
2022-10-02 16:30:54,295 INFO o.a.j.JMeter: Default Locale=English (EN)
2022-10-02 16:30:54,295 INFO o.a.j.JMeter: JMeter  Locale=English (EN)
2022-10-02 16:30:54,295 INFO o.a.j.JMeter: JMeterHome=C:\Program Files\JMeter\apache-jmeter-5.5
2022-10-02 16:30:54,295 INFO o.a.j.JMeter: user.dir  =C:\git\projetos-particulares\Estudo\FACCAT\AVALIACAODESISTEMAS\faccat-tarefa4
2022-10-02 16:30:54,295 INFO o.a.j.JMeter: PWD       =C:\git\projetos-particulares\Estudo\FACCAT\AVALIACAODESISTEMAS\faccat-tarefa4
2022-10-02 16:30:54,295 INFO o.a.j.JMeter: IP: 192.168.1.13 Name: LAPTOP-02C3SPSH FullName: LAPTOP-02C3SPSH
2022-10-02 16:30:54,311 INFO o.a.j.JMeter: Loaded icon properties from org/apache/jmeter/images/icon.properties
2022-10-02 16:30:54,484 INFO o.a.j.JMeterGuiLauncher: Setting LAF to: com.github.weisj.darklaf.DarkLaf:com.github.weisj.darklaf.theme.DarculaTheme
2022-10-02 16:31:03,840 INFO o.a.j.s.FileServer: Default base='C:\git\projetos-particulares\Estudo\FACCAT\AVALIACAODESISTEMAS\faccat-tarefa4'
2022-10-02 16:31:03,840 INFO o.a.j.g.a.Load: Loading file: C:\git\projetos-particulares\Estudo\FACCAT\AVALIACAODESISTEMAS\faccat-tarefa4\TesteDeLogin.jmx
2022-10-02 16:31:03,840 INFO o.a.j.s.FileServer: Set new base='C:\git\projetos-particulares\Estudo\FACCAT\AVALIACAODESISTEMAS\faccat-tarefa4'
2022-10-02 16:31:03,950 INFO o.a.j.s.SaveService: Testplan (JMX) version: 2.2. Testlog (JTL) version: 2.2
2022-10-02 16:31:03,981 INFO o.a.j.s.SaveService: Using SaveService properties version 5.0
2022-10-02 16:31:03,981 INFO o.a.j.s.SaveService: Using SaveService properties file encoding UTF-8
2022-10-02 16:31:03,981 INFO o.a.j.s.SaveService: Loading file: C:\git\projetos-particulares\Estudo\FACCAT\AVALIACAODESISTEMAS\faccat-tarefa4\TesteDeLogin.jmx
2022-10-02 16:31:04,013 INFO o.a.j.p.h.s.HTTPSamplerBase: Parser for text/html is org.apache.jmeter.protocol.http.parser.LagartoBasedHtmlParser
2022-10-02 16:31:04,013 INFO o.a.j.p.h.s.HTTPSamplerBase: Parser for application/xhtml+xml is org.apache.jmeter.protocol.http.parser.LagartoBasedHtmlParser
2022-10-02 16:31:04,013 INFO o.a.j.p.h.s.HTTPSamplerBase: Parser for application/xml is org.apache.jmeter.protocol.http.parser.LagartoBasedHtmlParser
2022-10-02 16:31:04,013 INFO o.a.j.p.h.s.HTTPSamplerBase: Parser for text/xml is org.apache.jmeter.protocol.http.parser.LagartoBasedHtmlParser
2022-10-02 16:31:04,013 INFO o.a.j.p.h.s.HTTPSamplerBase: Parser for text/vnd.wap.wml is org.apache.jmeter.protocol.http.parser.RegexpHTMLParser
2022-10-02 16:31:04,013 INFO o.a.j.p.h.s.HTTPSamplerBase: Parser for text/css is org.apache.jmeter.protocol.http.parser.CssParser
2022-10-02 16:31:04,091 INFO o.a.j.s.SampleResult: Note: Sample TimeStamps are START times
2022-10-02 16:31:04,091 INFO o.a.j.s.SampleResult: sampleresult.default.encoding is set to ISO-8859-1
2022-10-02 16:31:04,091 INFO o.a.j.s.SampleResult: sampleresult.useNanoTime=true
2022-10-02 16:31:04,091 INFO o.a.j.s.SampleResult: sampleresult.nanoThreadSleep=5000
2022-10-02 16:31:04,185 INFO o.a.j.v.ViewResultsFullVisualizer: Add JavaFX to your Java installation if you want to use renderer: org.apache.jmeter.visualizers.RenderInBrowser
2022-10-02 16:31:04,234 INFO o.a.j.s.FileServer: Set new base='C:\git\projetos-particulares\Estudo\FACCAT\AVALIACAODESISTEMAS\faccat-tarefa4'
2022-10-02 16:31:20,394 ERROR o.a.j.g.a.Save: Could not backup file! Backup directory does not exist, is not a directory or could not be created ! <C:\Program Files\JMeter\apache-jmeter-5.5\backups>
2022-10-02 16:31:21,850 INFO o.a.j.e.StandardJMeterEngine: Running the test!
2022-10-02 16:31:21,850 INFO o.a.j.s.SampleEvent: List of sample_variables: []
2022-10-02 16:31:21,850 INFO o.a.j.s.SampleEvent: List of sample_variables: []
2022-10-02 16:31:21,850 INFO o.a.j.e.u.CompoundVariable: Note: Function class names must contain the string: '.functions.'
2022-10-02 16:31:21,850 INFO o.a.j.e.u.CompoundVariable: Note: Function class names must not contain the string: '.gui.'
2022-10-02 16:31:21,883 INFO o.a.j.g.u.JMeterMenuBar: setRunning(true, *local*)
2022-10-02 16:31:21,906 INFO o.a.j.e.StandardJMeterEngine: Starting ThreadGroup: 1 : Thread Group
2022-10-02 16:31:21,906 INFO o.a.j.e.StandardJMeterEngine: Starting 100 threads for group Thread Group.
2022-10-02 16:31:21,906 INFO o.a.j.e.StandardJMeterEngine: Thread will continue on error
2022-10-02 16:31:21,906 INFO o.a.j.t.ThreadGroup: Starting thread group... number=1 threads=100 ramp-up=2 delayedStart=false
2022-10-02 16:31:21,906 INFO o.a.j.t.JMeterThread: Thread started: Thread Group 1-1
2022-10-02 16:31:21,923 INFO o.a.j.p.h.s.HTTPHCAbstractImpl: Local host = LAPTOP-02C3SPSH
2022-10-02 16:31:21,928 INFO o.a.j.t.ThreadGroup: Started thread group number 1
2022-10-02 16:31:21,928 INFO o.a.j.e.StandardJMeterEngine: All thread groups have been started
2022-10-02 16:31:21,931 INFO o.a.j.p.h.s.HTTPHC4Impl: HTTP request retry count = 0
2022-10-02 16:31:21,936 INFO o.a.j.t.JMeterThread: Thread started: Thread Group 1-2
2022-10-02 16:31:21,954 INFO o.a.j.t.JMeterThread: Thread started: Thread Group 1-3
2022-10-02 16:31:21,973 INFO o.a.j.t.JMeterThread: Thread started: Thread Group 1-4
2022-10-02 16:31:21,999 INFO o.a.j.t.JMeterThread: Thread started: Thread Group 1-5
2022-10-02 16:31:22,016 INFO o.a.j.t.JMeterThread: Thread started: Thread Group 1-6
2022-10-02 16:31:22,036 INFO o.a.j.t.JMeterThread: Thread started: Thread Group 1-7
2022-10-02 16:31:22,058 INFO o.a.j.t.JMeterThread: Thread started: Thread Group 1-8
2022-10-02 16:31:22,079 INFO o.a.j.t.JMeterThread: Thread started: Thread Group 1-9
2022-10-02 16:31:22,095 INFO o.a.j.t.JMeterThread: Thread started: Thread Group 1-10
2022-10-02 16:31:22,116 INFO o.a.j.t.JMeterThread: Thread started: Thread Group 1-11
2022-10-02 16:31:22,137 INFO o.a.j.t.JMeterThread: Thread started: Thread Group 1-12
2022-10-02 16:31:22,159 INFO o.a.j.t.JMeterThread: Thread started: Thread Group 1-13
2022-10-02 16:31:22,178 INFO o.a.j.t.JMeterThread: Thread started: Thread Group 1-14
2022-10-02 16:31:22,198 INFO o.a.j.t.JMeterThread: Thread started: Thread Group 1-15
2022-10-02 16:31:22,221 INFO o.a.j.t.JMeterThread: Thread started: Thread Group 1-16
2022-10-02 16:31:22,239 INFO o.a.j.t.JMeterThread: Thread started: Thread Group 1-17
2022-10-02 16:31:22,258 INFO o.a.j.t.JMeterThread: Thread started: Thread Group 1-18
2022-10-02 16:31:22,281 INFO o.a.j.t.JMeterThread: Thread started: Thread Group 1-19
2022-10-02 16:31:22,300 INFO o.a.j.t.JMeterThread: Thread started: Thread Group 1-20
2022-10-02 16:31:22,320 INFO o.a.j.t.JMeterThread: Thread started: Thread Group 1-21
2022-10-02 16:31:22,341 INFO o.a.j.t.JMeterThread: Thread started: Thread Group 1-22
2022-10-02 16:31:22,361 INFO o.a.j.t.JMeterThread: Thread started: Thread Group 1-23
2022-10-02 16:31:22,382 INFO o.a.j.t.JMeterThread: Thread started: Thread Group 1-24
2022-10-02 16:31:22,401 INFO o.a.j.t.JMeterThread: Thread started: Thread Group 1-25
2022-10-02 16:31:22,422 INFO o.a.j.t.JMeterThread: Thread started: Thread Group 1-26
2022-10-02 16:31:22,441 INFO o.a.j.t.JMeterThread: Thread started: Thread Group 1-27
2022-10-02 16:31:22,462 INFO o.a.j.t.JMeterThread: Thread started: Thread Group 1-28
2022-10-02 16:31:22,482 INFO o.a.j.t.JMeterThread: Thread started: Thread Group 1-29
2022-10-02 16:31:22,501 INFO o.a.j.t.JMeterThread: Thread started: Thread Group 1-30
2022-10-02 16:31:22,521 INFO o.a.j.t.JMeterThread: Thread started: Thread Group 1-31
2022-10-02 16:31:22,541 INFO o.a.j.t.JMeterThread: Thread started: Thread Group 1-32
2022-10-02 16:31:22,562 INFO o.a.j.t.JMeterThread: Thread started: Thread Group 1-33
2022-10-02 16:31:22,581 INFO o.a.j.t.JMeterThread: Thread started: Thread Group 1-34
2022-10-02 16:31:22,600 INFO o.a.j.t.JMeterThread: Thread started: Thread Group 1-35
2022-10-02 16:31:22,622 INFO o.a.j.t.JMeterThread: Thread started: Thread Group 1-36
2022-10-02 16:31:22,642 INFO o.a.j.t.JMeterThread: Thread started: Thread Group 1-37
2022-10-02 16:31:22,662 INFO o.a.j.t.JMeterThread: Thread started: Thread Group 1-38
2022-10-02 16:31:22,683 INFO o.a.j.t.JMeterThread: Thread started: Thread Group 1-39
2022-10-02 16:31:22,703 INFO o.a.j.t.JMeterThread: Thread started: Thread Group 1-40
2022-10-02 16:31:22,724 INFO o.a.j.t.JMeterThread: Thread started: Thread Group 1-41
2022-10-02 16:31:22,742 INFO o.a.j.t.JMeterThread: Thread started: Thread Group 1-42
2022-10-02 16:31:22,767 INFO o.a.j.t.JMeterThread: Thread started: Thread Group 1-44
2022-10-02 16:31:22,773 INFO o.a.j.t.JMeterThread: Thread started: Thread Group 1-43
2022-10-02 16:31:22,787 INFO o.a.j.t.JMeterThread: Thread started: Thread Group 1-45
2022-10-02 16:31:22,807 INFO o.a.j.t.JMeterThread: Thread started: Thread Group 1-46
2022-10-02 16:31:22,827 INFO o.a.j.t.JMeterThread: Thread started: Thread Group 1-47
2022-10-02 16:31:22,847 INFO o.a.j.t.JMeterThread: Thread started: Thread Group 1-48
2022-10-02 16:31:22,869 INFO o.a.j.t.JMeterThread: Thread started: Thread Group 1-49
2022-10-02 16:31:22,890 INFO o.a.j.t.JMeterThread: Thread started: Thread Group 1-50
2022-10-02 16:31:22,908 INFO o.a.j.t.JMeterThread: Thread started: Thread Group 1-51
2022-10-02 16:31:22,927 INFO o.a.j.t.JMeterThread: Thread started: Thread Group 1-52
2022-10-02 16:31:22,947 INFO o.a.j.t.JMeterThread: Thread started: Thread Group 1-53
2022-10-02 16:31:22,967 INFO o.a.j.t.JMeterThread: Thread started: Thread Group 1-54
2022-10-02 16:31:22,986 INFO o.a.j.t.JMeterThread: Thread started: Thread Group 1-55
2022-10-02 16:31:23,006 INFO o.a.j.t.JMeterThread: Thread started: Thread Group 1-56
2022-10-02 16:31:23,026 INFO o.a.j.t.JMeterThread: Thread started: Thread Group 1-57
2022-10-02 16:31:23,046 INFO o.a.j.t.JMeterThread: Thread started: Thread Group 1-58
2022-10-02 16:31:23,066 INFO o.a.j.t.JMeterThread: Thread started: Thread Group 1-59
2022-10-02 16:31:23,086 INFO o.a.j.t.JMeterThread: Thread started: Thread Group 1-60
2022-10-02 16:31:23,107 INFO o.a.j.t.JMeterThread: Thread started: Thread Group 1-61
2022-10-02 16:31:23,127 INFO o.a.j.t.JMeterThread: Thread started: Thread Group 1-62
2022-10-02 16:31:23,146 INFO o.a.j.t.JMeterThread: Thread started: Thread Group 1-63
2022-10-02 16:31:23,166 INFO o.a.j.t.JMeterThread: Thread started: Thread Group 1-64
2022-10-02 16:31:23,186 INFO o.a.j.t.JMeterThread: Thread started: Thread Group 1-65
2022-10-02 16:31:23,206 INFO o.a.j.t.JMeterThread: Thread started: Thread Group 1-66
2022-10-02 16:31:23,226 INFO o.a.j.t.JMeterThread: Thread started: Thread Group 1-67
2022-10-02 16:31:23,246 INFO o.a.j.t.JMeterThread: Thread started: Thread Group 1-68
2022-10-02 16:31:23,267 INFO o.a.j.t.JMeterThread: Thread started: Thread Group 1-69
2022-10-02 16:31:23,287 INFO o.a.j.t.JMeterThread: Thread started: Thread Group 1-70
2022-10-02 16:31:23,307 INFO o.a.j.t.JMeterThread: Thread started: Thread Group 1-71
2022-10-02 16:31:23,326 INFO o.a.j.t.JMeterThread: Thread started: Thread Group 1-72
2022-10-02 16:31:23,346 INFO o.a.j.t.JMeterThread: Thread started: Thread Group 1-73
2022-10-02 16:31:23,366 INFO o.a.j.t.JMeterThread: Thread started: Thread Group 1-74
2022-10-02 16:31:23,386 INFO o.a.j.t.JMeterThread: Thread started: Thread Group 1-75
2022-10-02 16:31:23,406 INFO o.a.j.t.JMeterThread: Thread started: Thread Group 1-76
2022-10-02 16:31:23,427 INFO o.a.j.t.JMeterThread: Thread started: Thread Group 1-77
2022-10-02 16:31:23,447 INFO o.a.j.t.JMeterThread: Thread started: Thread Group 1-78
2022-10-02 16:31:23,467 INFO o.a.j.t.JMeterThread: Thread started: Thread Group 1-79
2022-10-02 16:31:23,486 INFO o.a.j.t.JMeterThread: Thread started: Thread Group 1-80
2022-10-02 16:31:23,506 INFO o.a.j.t.JMeterThread: Thread started: Thread Group 1-81
2022-10-02 16:31:23,527 INFO o.a.j.t.JMeterThread: Thread started: Thread Group 1-82
2022-10-02 16:31:23,547 INFO o.a.j.t.JMeterThread: Thread started: Thread Group 1-83
2022-10-02 16:31:23,567 INFO o.a.j.t.JMeterThread: Thread started: Thread Group 1-84
2022-10-02 16:31:23,586 INFO o.a.j.t.JMeterThread: Thread started: Thread Group 1-85
2022-10-02 16:31:23,606 INFO o.a.j.t.JMeterThread: Thread started: Thread Group 1-86
2022-10-02 16:31:23,627 INFO o.a.j.t.JMeterThread: Thread started: Thread Group 1-87
2022-10-02 16:31:23,647 INFO o.a.j.t.JMeterThread: Thread started: Thread Group 1-88
2022-10-02 16:31:23,667 INFO o.a.j.t.JMeterThread: Thread started: Thread Group 1-89
2022-10-02 16:31:23,686 INFO o.a.j.t.JMeterThread: Thread started: Thread Group 1-90
2022-10-02 16:31:23,706 INFO o.a.j.t.JMeterThread: Thread started: Thread Group 1-91
2022-10-02 16:31:23,726 INFO o.a.j.t.JMeterThread: Thread started: Thread Group 1-92
2022-10-02 16:31:23,746 INFO o.a.j.t.JMeterThread: Thread started: Thread Group 1-93
2022-10-02 16:31:23,766 INFO o.a.j.t.JMeterThread: Thread started: Thread Group 1-94
2022-10-02 16:31:23,787 INFO o.a.j.t.JMeterThread: Thread started: Thread Group 1-95
2022-10-02 16:31:23,807 INFO o.a.j.t.JMeterThread: Thread started: Thread Group 1-96
2022-10-02 16:31:23,826 INFO o.a.j.t.JMeterThread: Thread started: Thread Group 1-97
2022-10-02 16:31:23,846 INFO o.a.j.t.JMeterThread: Thread started: Thread Group 1-98
2022-10-02 16:31:23,866 INFO o.a.j.t.JMeterThread: Thread started: Thread Group 1-99
2022-10-02 16:31:23,886 INFO o.a.j.t.JMeterThread: Thread started: Thread Group 1-100
2022-10-02 16:32:21,916 INFO o.a.j.t.JMeterThread: Stopping because end time detected by thread: Thread Group 1-38
2022-10-02 16:32:21,916 INFO o.a.j.t.JMeterThread: Thread finished: Thread Group 1-38
2022-10-02 16:32:21,916 INFO o.a.j.t.JMeterThread: Stopping because end time detected by thread: Thread Group 1-36
2022-10-02 16:32:21,916 INFO o.a.j.t.JMeterThread: Thread finished: Thread Group 1-36
2022-10-02 16:32:21,916 INFO o.a.j.t.JMeterThread: Stopping because end time detected by thread: Thread Group 1-21
2022-10-02 16:32:21,916 INFO o.a.j.t.JMeterThread: Thread finished: Thread Group 1-21
2022-10-02 16:32:21,916 INFO o.a.j.t.JMeterThread: Stopping because end time detected by thread: Thread Group 1-4
2022-10-02 16:32:21,916 INFO o.a.j.t.JMeterThread: Thread finished: Thread Group 1-4
2022-10-02 16:32:21,916 INFO o.a.j.t.JMeterThread: Stopping because end time detected by thread: Thread Group 1-8
2022-10-02 16:32:21,916 INFO o.a.j.t.JMeterThread: Thread finished: Thread Group 1-8
2022-10-02 16:32:21,916 INFO o.a.j.t.JMeterThread: Stopping because end time detected by thread: Thread Group 1-16
2022-10-02 16:32:21,916 INFO o.a.j.t.JMeterThread: Thread finished: Thread Group 1-16
2022-10-02 16:32:21,916 INFO o.a.j.t.JMeterThread: Stopping because end time detected by thread: Thread Group 1-6
2022-10-02 16:32:21,916 INFO o.a.j.t.JMeterThread: Thread finished: Thread Group 1-6
2022-10-02 16:32:21,916 INFO o.a.j.t.JMeterThread: Stopping because end time detected by thread: Thread Group 1-26
2022-10-02 16:32:21,916 INFO o.a.j.t.JMeterThread: Thread finished: Thread Group 1-26
2022-10-02 16:32:21,916 INFO o.a.j.t.JMeterThread: Stopping because end time detected by thread: Thread Group 1-28
2022-10-02 16:32:21,916 INFO o.a.j.t.JMeterThread: Thread finished: Thread Group 1-28
2022-10-02 16:32:21,916 INFO o.a.j.t.JMeterThread: Stopping because end time detected by thread: Thread Group 1-39
2022-10-02 16:32:21,916 INFO o.a.j.t.JMeterThread: Stopping because end time detected by thread: Thread Group 1-11
2022-10-02 16:32:21,916 INFO o.a.j.t.JMeterThread: Thread finished: Thread Group 1-39
2022-10-02 16:32:21,916 INFO o.a.j.t.JMeterThread: Thread finished: Thread Group 1-11
2022-10-02 16:32:21,916 INFO o.a.j.t.JMeterThread: Stopping because end time detected by thread: Thread Group 1-41
2022-10-02 16:32:21,916 INFO o.a.j.t.JMeterThread: Thread finished: Thread Group 1-41
2022-10-02 16:32:21,916 INFO o.a.j.t.JMeterThread: Stopping because end time detected by thread: Thread Group 1-42
2022-10-02 16:32:21,916 INFO o.a.j.t.JMeterThread: Thread finished: Thread Group 1-42
2022-10-02 16:32:21,916 INFO o.a.j.t.JMeterThread: Stopping because end time detected by thread: Thread Group 1-37
2022-10-02 16:32:21,916 INFO o.a.j.t.JMeterThread: Thread finished: Thread Group 1-37
2022-10-02 16:32:21,916 INFO o.a.j.t.JMeterThread: Stopping because end time detected by thread: Thread Group 1-34
2022-10-02 16:32:21,916 INFO o.a.j.t.JMeterThread: Thread finished: Thread Group 1-34
2022-10-02 16:32:21,916 INFO o.a.j.t.JMeterThread: Stopping because end time detected by thread: Thread Group 1-35
2022-10-02 16:32:21,916 INFO o.a.j.t.JMeterThread: Thread finished: Thread Group 1-35
2022-10-02 16:32:21,916 INFO o.a.j.t.JMeterThread: Stopping because end time detected by thread: Thread Group 1-5
2022-10-02 16:32:21,916 INFO o.a.j.t.JMeterThread: Thread finished: Thread Group 1-5
2022-10-02 16:32:21,916 INFO o.a.j.t.JMeterThread: Stopping because end time detected by thread: Thread Group 1-32
2022-10-02 16:32:21,916 INFO o.a.j.t.JMeterThread: Thread finished: Thread Group 1-32
2022-10-02 16:32:21,916 INFO o.a.j.t.JMeterThread: Stopping because end time detected by thread: Thread Group 1-10
2022-10-02 16:32:21,916 INFO o.a.j.t.JMeterThread: Thread finished: Thread Group 1-10
2022-10-02 16:32:21,916 INFO o.a.j.t.JMeterThread: Stopping because end time detected by thread: Thread Group 1-7
2022-10-02 16:32:21,916 INFO o.a.j.t.JMeterThread: Thread finished: Thread Group 1-7
2022-10-02 16:32:21,916 INFO o.a.j.t.JMeterThread: Stopping because end time detected by thread: Thread Group 1-18
2022-10-02 16:32:21,916 INFO o.a.j.t.JMeterThread: Thread finished: Thread Group 1-18
2022-10-02 16:32:21,931 INFO o.a.j.t.JMeterThread: Stopping because end time detected by thread: Thread Group 1-99
2022-10-02 16:32:21,931 INFO o.a.j.t.JMeterThread: Thread finished: Thread Group 1-99
2022-10-02 16:32:21,931 INFO o.a.j.t.JMeterThread: Stopping because end time detected by thread: Thread Group 1-23
2022-10-02 16:32:21,931 INFO o.a.j.t.JMeterThread: Thread finished: Thread Group 1-23
2022-10-02 16:32:21,931 INFO o.a.j.t.JMeterThread: Stopping because end time detected by thread: Thread Group 1-19
2022-10-02 16:32:21,931 INFO o.a.j.t.JMeterThread: Thread finished: Thread Group 1-19
2022-10-02 16:32:21,931 INFO o.a.j.t.JMeterThread: Stopping because end time detected by thread: Thread Group 1-3
2022-10-02 16:32:21,931 INFO o.a.j.t.JMeterThread: Thread finished: Thread Group 1-3
2022-10-02 16:32:21,931 INFO o.a.j.t.JMeterThread: Stopping because end time detected by thread: Thread Group 1-15
2022-10-02 16:32:21,931 INFO o.a.j.t.JMeterThread: Thread finished: Thread Group 1-15
2022-10-02 16:32:21,931 INFO o.a.j.t.JMeterThread: Stopping because end time detected by thread: Thread Group 1-27
2022-10-02 16:32:21,931 INFO o.a.j.t.JMeterThread: Thread finished: Thread Group 1-27
2022-10-02 16:32:21,931 INFO o.a.j.t.JMeterThread: Stopping because end time detected by thread: Thread Group 1-67
2022-10-02 16:32:21,931 INFO o.a.j.t.JMeterThread: Thread finished: Thread Group 1-67
2022-10-02 16:32:21,931 INFO o.a.j.t.JMeterThread: Stopping because end time detected by thread: Thread Group 1-9
2022-10-02 16:32:21,931 INFO o.a.j.t.JMeterThread: Thread finished: Thread Group 1-9
2022-10-02 16:32:21,931 INFO o.a.j.t.JMeterThread: Stopping because end time detected by thread: Thread Group 1-1
2022-10-02 16:32:21,931 INFO o.a.j.t.JMeterThread: Thread finished: Thread Group 1-1
2022-10-02 16:32:21,931 INFO o.a.j.t.JMeterThread: Stopping because end time detected by thread: Thread Group 1-100
2022-10-02 16:32:21,931 INFO o.a.j.t.JMeterThread: Thread finished: Thread Group 1-100
2022-10-02 16:32:21,931 INFO o.a.j.t.JMeterThread: Stopping because end time detected by thread: Thread Group 1-40
2022-10-02 16:32:21,931 INFO o.a.j.t.JMeterThread: Thread finished: Thread Group 1-40
2022-10-02 16:32:21,931 INFO o.a.j.t.JMeterThread: Stopping because end time detected by thread: Thread Group 1-14
2022-10-02 16:32:21,931 INFO o.a.j.t.JMeterThread: Thread finished: Thread Group 1-14
2022-10-02 16:32:21,931 INFO o.a.j.t.JMeterThread: Stopping because end time detected by thread: Thread Group 1-22
2022-10-02 16:32:21,931 INFO o.a.j.t.JMeterThread: Thread finished: Thread Group 1-22
2022-10-02 16:32:21,931 INFO o.a.j.t.JMeterThread: Stopping because end time detected by thread: Thread Group 1-82
2022-10-02 16:32:21,931 INFO o.a.j.t.JMeterThread: Thread finished: Thread Group 1-82
2022-10-02 16:32:21,931 INFO o.a.j.t.JMeterThread: Stopping because end time detected by thread: Thread Group 1-33
2022-10-02 16:32:21,931 INFO o.a.j.t.JMeterThread: Thread finished: Thread Group 1-33
2022-10-02 16:32:21,931 INFO o.a.j.t.JMeterThread: Stopping because end time detected by thread: Thread Group 1-30
2022-10-02 16:32:21,931 INFO o.a.j.t.JMeterThread: Thread finished: Thread Group 1-30
2022-10-02 16:32:21,931 INFO o.a.j.t.JMeterThread: Stopping because end time detected by thread: Thread Group 1-29
2022-10-02 16:32:21,931 INFO o.a.j.t.JMeterThread: Thread finished: Thread Group 1-29
2022-10-02 16:32:21,931 INFO o.a.j.t.JMeterThread: Stopping because end time detected by thread: Thread Group 1-53
2022-10-02 16:32:21,931 INFO o.a.j.t.JMeterThread: Thread finished: Thread Group 1-53
2022-10-02 16:32:21,931 INFO o.a.j.t.JMeterThread: Stopping because end time detected by thread: Thread Group 1-90
2022-10-02 16:32:21,931 INFO o.a.j.t.JMeterThread: Thread finished: Thread Group 1-90
2022-10-02 16:32:21,931 INFO o.a.j.t.JMeterThread: Stopping because end time detected by thread: Thread Group 1-77
2022-10-02 16:32:21,931 INFO o.a.j.t.JMeterThread: Thread finished: Thread Group 1-77
2022-10-02 16:32:21,931 INFO o.a.j.t.JMeterThread: Stopping because end time detected by thread: Thread Group 1-12
2022-10-02 16:32:21,931 INFO o.a.j.t.JMeterThread: Thread finished: Thread Group 1-12
2022-10-02 16:32:21,931 INFO o.a.j.t.JMeterThread: Stopping because end time detected by thread: Thread Group 1-74
2022-10-02 16:32:21,931 INFO o.a.j.t.JMeterThread: Thread finished: Thread Group 1-74
2022-10-02 16:32:21,931 INFO o.a.j.t.JMeterThread: Stopping because end time detected by thread: Thread Group 1-61
2022-10-02 16:32:21,931 INFO o.a.j.t.JMeterThread: Thread finished: Thread Group 1-61
2022-10-02 16:32:21,931 INFO o.a.j.t.JMeterThread: Stopping because end time detected by thread: Thread Group 1-13
2022-10-02 16:32:21,931 INFO o.a.j.t.JMeterThread: Thread finished: Thread Group 1-13
2022-10-02 16:32:21,931 INFO o.a.j.t.JMeterThread: Stopping because end time detected by thread: Thread Group 1-95
2022-10-02 16:32:21,931 INFO o.a.j.t.JMeterThread: Thread finished: Thread Group 1-95
2022-10-02 16:32:21,931 INFO o.a.j.t.JMeterThread: Stopping because end time detected by thread: Thread Group 1-24
2022-10-02 16:32:21,931 INFO o.a.j.t.JMeterThread: Thread finished: Thread Group 1-24
2022-10-02 16:32:21,931 INFO o.a.j.t.JMeterThread: Stopping because end time detected by thread: Thread Group 1-31
2022-10-02 16:32:21,931 INFO o.a.j.t.JMeterThread: Thread finished: Thread Group 1-31
2022-10-02 16:32:21,931 INFO o.a.j.t.JMeterThread: Stopping because end time detected by thread: Thread Group 1-96
2022-10-02 16:32:21,931 INFO o.a.j.t.JMeterThread: Thread finished: Thread Group 1-96
2022-10-02 16:32:21,931 INFO o.a.j.t.JMeterThread: Stopping because end time detected by thread: Thread Group 1-55
2022-10-02 16:32:21,931 INFO o.a.j.t.JMeterThread: Thread finished: Thread Group 1-55
2022-10-02 16:32:21,931 INFO o.a.j.t.JMeterThread: Stopping because end time detected by thread: Thread Group 1-76
2022-10-02 16:32:21,931 INFO o.a.j.t.JMeterThread: Thread finished: Thread Group 1-76
2022-10-02 16:32:21,931 INFO o.a.j.t.JMeterThread: Stopping because end time detected by thread: Thread Group 1-43
2022-10-02 16:32:21,931 INFO o.a.j.t.JMeterThread: Thread finished: Thread Group 1-43
2022-10-02 16:32:21,931 INFO o.a.j.t.JMeterThread: Stopping because end time detected by thread: Thread Group 1-59
2022-10-02 16:32:21,931 INFO o.a.j.t.JMeterThread: Thread finished: Thread Group 1-59
2022-10-02 16:32:21,931 INFO o.a.j.t.JMeterThread: Stopping because end time detected by thread: Thread Group 1-17
2022-10-02 16:32:21,931 INFO o.a.j.t.JMeterThread: Thread finished: Thread Group 1-17
2022-10-02 16:32:21,931 INFO o.a.j.t.JMeterThread: Stopping because end time detected by thread: Thread Group 1-56
2022-10-02 16:32:21,931 INFO o.a.j.t.JMeterThread: Thread finished: Thread Group 1-56
2022-10-02 16:32:21,931 INFO o.a.j.t.JMeterThread: Stopping because end time detected by thread: Thread Group 1-2
2022-10-02 16:32:21,931 INFO o.a.j.t.JMeterThread: Thread finished: Thread Group 1-2
2022-10-02 16:32:21,931 INFO o.a.j.t.JMeterThread: Stopping because end time detected by thread: Thread Group 1-64
2022-10-02 16:32:21,931 INFO o.a.j.t.JMeterThread: Thread finished: Thread Group 1-64
2022-10-02 16:32:21,931 INFO o.a.j.t.JMeterThread: Stopping because end time detected by thread: Thread Group 1-65
2022-10-02 16:32:21,931 INFO o.a.j.t.JMeterThread: Thread finished: Thread Group 1-65
2022-10-02 16:32:21,931 INFO o.a.j.t.JMeterThread: Stopping because end time detected by thread: Thread Group 1-46
2022-10-02 16:32:21,931 INFO o.a.j.t.JMeterThread: Thread finished: Thread Group 1-46
2022-10-02 16:32:21,931 INFO o.a.j.t.JMeterThread: Stopping because end time detected by thread: Thread Group 1-20
2022-10-02 16:32:21,931 INFO o.a.j.t.JMeterThread: Thread finished: Thread Group 1-20
2022-10-02 16:32:21,931 INFO o.a.j.t.JMeterThread: Stopping because end time detected by thread: Thread Group 1-58
2022-10-02 16:32:21,931 INFO o.a.j.t.JMeterThread: Thread finished: Thread Group 1-58
2022-10-02 16:32:21,931 INFO o.a.j.t.JMeterThread: Stopping because end time detected by thread: Thread Group 1-25
2022-10-02 16:32:21,931 INFO o.a.j.t.JMeterThread: Stopping because end time detected by thread: Thread Group 1-94
2022-10-02 16:32:21,931 INFO o.a.j.t.JMeterThread: Thread finished: Thread Group 1-25
2022-10-02 16:32:21,931 INFO o.a.j.t.JMeterThread: Thread finished: Thread Group 1-94
2022-10-02 16:32:21,946 INFO o.a.j.t.JMeterThread: Stopping because end time detected by thread: Thread Group 1-66
2022-10-02 16:32:21,946 INFO o.a.j.t.JMeterThread: Thread finished: Thread Group 1-66
2022-10-02 16:32:21,946 INFO o.a.j.t.JMeterThread: Stopping because end time detected by thread: Thread Group 1-54
2022-10-02 16:32:21,946 INFO o.a.j.t.JMeterThread: Thread finished: Thread Group 1-54
2022-10-02 16:32:21,946 INFO o.a.j.t.JMeterThread: Stopping because end time detected by thread: Thread Group 1-91
2022-10-02 16:32:21,946 INFO o.a.j.t.JMeterThread: Thread finished: Thread Group 1-91
2022-10-02 16:32:21,946 INFO o.a.j.t.JMeterThread: Stopping because end time detected by thread: Thread Group 1-50
2022-10-02 16:32:21,946 INFO o.a.j.t.JMeterThread: Thread finished: Thread Group 1-50
2022-10-02 16:32:21,946 INFO o.a.j.t.JMeterThread: Stopping because end time detected by thread: Thread Group 1-47
2022-10-02 16:32:21,946 INFO o.a.j.t.JMeterThread: Thread finished: Thread Group 1-47
2022-10-02 16:32:21,946 INFO o.a.j.t.JMeterThread: Stopping because end time detected by thread: Thread Group 1-57
2022-10-02 16:32:21,946 INFO o.a.j.t.JMeterThread: Thread finished: Thread Group 1-57
2022-10-02 16:32:21,946 INFO o.a.j.t.JMeterThread: Stopping because end time detected by thread: Thread Group 1-92
2022-10-02 16:32:21,946 INFO o.a.j.t.JMeterThread: Thread finished: Thread Group 1-92
2022-10-02 16:32:21,946 INFO o.a.j.t.JMeterThread: Stopping because end time detected by thread: Thread Group 1-63
2022-10-02 16:32:21,946 INFO o.a.j.t.JMeterThread: Thread finished: Thread Group 1-63
2022-10-02 16:32:21,946 INFO o.a.j.t.JMeterThread: Stopping because end time detected by thread: Thread Group 1-85
2022-10-02 16:32:21,946 INFO o.a.j.t.JMeterThread: Thread finished: Thread Group 1-85
2022-10-02 16:32:21,946 INFO o.a.j.t.JMeterThread: Stopping because end time detected by thread: Thread Group 1-98
2022-10-02 16:32:21,946 INFO o.a.j.t.JMeterThread: Thread finished: Thread Group 1-98
2022-10-02 16:32:21,946 INFO o.a.j.t.JMeterThread: Stopping because end time detected by thread: Thread Group 1-88
2022-10-02 16:32:21,946 INFO o.a.j.t.JMeterThread: Thread finished: Thread Group 1-88
2022-10-02 16:32:21,946 INFO o.a.j.t.JMeterThread: Stopping because end time detected by thread: Thread Group 1-79
2022-10-02 16:32:21,946 INFO o.a.j.t.JMeterThread: Thread finished: Thread Group 1-79
2022-10-02 16:32:21,946 INFO o.a.j.t.JMeterThread: Stopping because end time detected by thread: Thread Group 1-87
2022-10-02 16:32:21,946 INFO o.a.j.t.JMeterThread: Thread finished: Thread Group 1-87
2022-10-02 16:32:21,946 INFO o.a.j.t.JMeterThread: Stopping because end time detected by thread: Thread Group 1-72
2022-10-02 16:32:21,946 INFO o.a.j.t.JMeterThread: Thread finished: Thread Group 1-72
2022-10-02 16:32:21,946 INFO o.a.j.t.JMeterThread: Stopping because end time detected by thread: Thread Group 1-73
2022-10-02 16:32:21,946 INFO o.a.j.t.JMeterThread: Thread finished: Thread Group 1-73
2022-10-02 16:32:21,946 INFO o.a.j.t.JMeterThread: Stopping because end time detected by thread: Thread Group 1-49
2022-10-02 16:32:21,946 INFO o.a.j.t.JMeterThread: Thread finished: Thread Group 1-49
2022-10-02 16:32:21,946 INFO o.a.j.t.JMeterThread: Stopping because end time detected by thread: Thread Group 1-80
2022-10-02 16:32:21,946 INFO o.a.j.t.JMeterThread: Thread finished: Thread Group 1-80
2022-10-02 16:32:21,946 INFO o.a.j.t.JMeterThread: Stopping because end time detected by thread: Thread Group 1-89
2022-10-02 16:32:21,946 INFO o.a.j.t.JMeterThread: Thread finished: Thread Group 1-89
2022-10-02 16:32:21,946 INFO o.a.j.t.JMeterThread: Stopping because end time detected by thread: Thread Group 1-97
2022-10-02 16:32:21,946 INFO o.a.j.t.JMeterThread: Thread finished: Thread Group 1-97
2022-10-02 16:32:21,946 INFO o.a.j.t.JMeterThread: Stopping because end time detected by thread: Thread Group 1-68
2022-10-02 16:32:21,946 INFO o.a.j.t.JMeterThread: Thread finished: Thread Group 1-68
2022-10-02 16:32:21,946 INFO o.a.j.t.JMeterThread: Stopping because end time detected by thread: Thread Group 1-81
2022-10-02 16:32:21,946 INFO o.a.j.t.JMeterThread: Thread finished: Thread Group 1-81
2022-10-02 16:32:21,946 INFO o.a.j.t.JMeterThread: Stopping because end time detected by thread: Thread Group 1-93
2022-10-02 16:32:21,946 INFO o.a.j.t.JMeterThread: Thread finished: Thread Group 1-93
2022-10-02 16:32:21,946 INFO o.a.j.t.JMeterThread: Stopping because end time detected by thread: Thread Group 1-84
2022-10-02 16:32:21,946 INFO o.a.j.t.JMeterThread: Thread finished: Thread Group 1-84
2022-10-02 16:32:21,946 INFO o.a.j.t.JMeterThread: Stopping because end time detected by thread: Thread Group 1-70
2022-10-02 16:32:21,946 INFO o.a.j.t.JMeterThread: Thread finished: Thread Group 1-70
2022-10-02 16:32:21,946 INFO o.a.j.t.JMeterThread: Stopping because end time detected by thread: Thread Group 1-78
2022-10-02 16:32:21,946 INFO o.a.j.t.JMeterThread: Thread finished: Thread Group 1-78
2022-10-02 16:32:21,946 INFO o.a.j.t.JMeterThread: Stopping because end time detected by thread: Thread Group 1-51
2022-10-02 16:32:21,946 INFO o.a.j.t.JMeterThread: Thread finished: Thread Group 1-51
2022-10-02 16:32:21,946 INFO o.a.j.t.JMeterThread: Stopping because end time detected by thread: Thread Group 1-71
2022-10-02 16:32:21,946 INFO o.a.j.t.JMeterThread: Thread finished: Thread Group 1-71
2022-10-02 16:32:21,946 INFO o.a.j.t.JMeterThread: Stopping because end time detected by thread: Thread Group 1-44
2022-10-02 16:32:21,946 INFO o.a.j.t.JMeterThread: Thread finished: Thread Group 1-44
2022-10-02 16:32:21,946 INFO o.a.j.t.JMeterThread: Stopping because end time detected by thread: Thread Group 1-69
2022-10-02 16:32:21,962 INFO o.a.j.t.JMeterThread: Thread finished: Thread Group 1-69
2022-10-02 16:32:21,962 INFO o.a.j.t.JMeterThread: Stopping because end time detected by thread: Thread Group 1-75
2022-10-02 16:32:21,962 INFO o.a.j.t.JMeterThread: Thread finished: Thread Group 1-75
2022-10-02 16:32:21,962 INFO o.a.j.t.JMeterThread: Stopping because end time detected by thread: Thread Group 1-60
2022-10-02 16:32:21,962 INFO o.a.j.t.JMeterThread: Thread finished: Thread Group 1-60
2022-10-02 16:32:21,962 INFO o.a.j.t.JMeterThread: Stopping because end time detected by thread: Thread Group 1-86
2022-10-02 16:32:21,962 INFO o.a.j.t.JMeterThread: Thread finished: Thread Group 1-86
2022-10-02 16:32:21,962 INFO o.a.j.t.JMeterThread: Stopping because end time detected by thread: Thread Group 1-83
2022-10-02 16:32:21,962 INFO o.a.j.t.JMeterThread: Thread finished: Thread Group 1-83
2022-10-02 16:32:21,962 INFO o.a.j.t.JMeterThread: Stopping because end time detected by thread: Thread Group 1-45
2022-10-02 16:32:21,962 INFO o.a.j.t.JMeterThread: Thread finished: Thread Group 1-45
2022-10-02 16:32:21,962 INFO o.a.j.t.JMeterThread: Stopping because end time detected by thread: Thread Group 1-52
2022-10-02 16:32:21,962 INFO o.a.j.t.JMeterThread: Thread finished: Thread Group 1-52
2022-10-02 16:32:21,962 INFO o.a.j.t.JMeterThread: Stopping because end time detected by thread: Thread Group 1-48
2022-10-02 16:32:21,962 INFO o.a.j.t.JMeterThread: Thread finished: Thread Group 1-48
2022-10-02 16:32:21,962 INFO o.a.j.t.JMeterThread: Stopping because end time detected by thread: Thread Group 1-62
2022-10-02 16:32:21,962 INFO o.a.j.t.JMeterThread: Thread finished: Thread Group 1-62
2022-10-02 16:32:21,962 INFO o.a.j.e.StandardJMeterEngine: Notifying test listeners of end of test
2022-10-02 16:32:21,962 INFO o.a.j.g.u.JMeterMenuBar: setRunning(false, *local*)
